<?xml version="1.0" encoding="UTF-8"?>
<!-- Generated by org.testng.reporters.JUnitXMLReporter -->
<testsuite ignored="0" hostname="OSIYA" failures="0" tests="4" name="eCommerceSites" time="58.677" errors="0" timestamp="2023-07-29T19:39:51 IST">
  <testcase classname="testClasses.launchAmazon" name="openAmazon" time="9.308"/>
  <testcase classname="testClasses.launchFlipkart" name="openFlipkart" time="10.465"/>
  <testcase classname="testClasses.launchAjio" name="openAjio" time="9.975"/>
  <testcase classname="testClasses.MyntraTest" name="myntraTest" time="28.814"/>
</testsuite> <!-- eCommerceSites -->
