<?xml version="1.0" encoding="UTF-8"?>
<!-- Generated by org.testng.reporters.JUnitXMLReporter -->
<testsuite ignored="0" hostname="OSIYA" failures="0" tests="3" name="eCommerceSites" time="36.958" errors="0" timestamp="2023-07-29T18:54:24 IST">
  <testcase classname="testClasses.launchAmazon" name="openAmazon" time="13.608"/>
  <testcase classname="testClasses.launchFlipkart" name="openFlipkart" time="10.859"/>
  <testcase classname="testClasses.launchAjio" name="openAjio" time="12.387"/>
</testsuite> <!-- eCommerceSites -->
